<?xml version="1.0" encoding="UTF-8"?>
<!-- Generated by org.testng.reporters.JUnitXMLReporter -->
<testsuite ignored="0" hostname="DESKTOP-EC1SC6K" failures="0" tests="0" name="Test" time="17.63" errors="0" timestamp="2022-03-18T23:13:25 WAT">
  <testcase classname="demoblaze.ShoppingCartTest" name="@AfterTest TearDown" time="0.001">
    <failure type="java.lang.NullPointerException" message="Cannot invoke &amp;quot;org.openqa.selenium.WebDriver.close()&amp;quot; because &amp;quot;this._driver&amp;quot; is null">
      <![CDATA[java.lang.NullPointerException: Cannot invoke "org.openqa.selenium.WebDriver.close()" because "this._driver" is null
at demoblaze.ShoppingCartTest.TearDown(ShoppingCartTest.java:40)
... Removed 24 stack frames]]>
    </failure>
  </testcase> <!-- @AfterTest TearDown -->
  <testcase classname="demoblaze.SignUpTest" name="@AfterTest TearDown" time="-1.64764160578E9">
    <skipped/>
  </testcase> <!-- @AfterTest TearDown -->
</testsuite> <!-- Test -->
