<?xml version="1.0" encoding="UTF-8"?>
<testng-results ignored="0" total="11" passed="10" failed="1" skipped="0">
  <reporter-output>
  </reporter-output>
  <suite started-at="2022-03-20T18:24:32 WAT" name="Suite" finished-at="2022-03-20T18:25:38 WAT" duration-ms="65779">
    <groups>
      <group name="ProductDetailTest.AddToCart">
        <method signature="ProductDetailTest.AddToCart()[pri:0, instance:demoblaze.ProductDetailTest@73e22a3d]" name="AddToCart" class="demoblaze.ProductDetailTest"/>
      </group> <!-- ProductDetailTest.AddToCart -->
    </groups>
    <test started-at="2022-03-20T18:24:32 WAT" name="Test" finished-at="2022-03-20T18:25:38 WAT" duration-ms="65779">
      <class name="demoblaze.ContactTest">
        <test-method is-config="true" signature="NavigateToContactUs()[pri:0, instance:demoblaze.ContactTest@bd4dc25]" started-at="2022-03-20T18:24:43 WAT" name="NavigateToContactUs" finished-at="2022-03-20T18:24:47 WAT" duration-ms="4045" status="PASS">
          <reporter-output>
          </reporter-output>
        </test-method> <!-- NavigateToContactUs -->
        <test-method signature="ContactUs()[pri:0, instance:demoblaze.ContactTest@bd4dc25]" started-at="2022-03-20T18:25:12 WAT" name="ContactUs" description="Test user can message with contact us" finished-at="2022-03-20T18:25:13 WAT" duration-ms="969" status="PASS">
          <reporter-output>
          </reporter-output>
        </test-method> <!-- ContactUs -->
        <test-method is-config="true" signature="TearDown()[pri:0, instance:demoblaze.ContactTest@bd4dc25]" started-at="2022-03-20T18:25:38 WAT" name="TearDown" finished-at="1970-01-01T01:00:00 WAT" duration-ms="-1647797138418" status="SKIP">
          <reporter-output>
          </reporter-output>
        </test-method> <!-- TearDown -->
      </class> <!-- demoblaze.ContactTest -->
      <class name="demoblaze.SignUpTest">
        <test-method is-config="true" signature="NavigateToSignUp()[pri:0, instance:demoblaze.SignUpTest@662b4c69]" started-at="2022-03-20T18:25:04 WAT" name="NavigateToSignUp" finished-at="2022-03-20T18:25:09 WAT" duration-ms="4851" status="PASS">
          <reporter-output>
          </reporter-output>
        </test-method> <!-- NavigateToSignUp -->
        <test-method signature="InvalidSignUp()[pri:0, instance:demoblaze.SignUpTest@662b4c69]" started-at="2022-03-20T18:25:09 WAT" name="InvalidSignUp" description="Test that user can not sign up with existing data" finished-at="2022-03-20T18:25:11 WAT" duration-ms="1549" status="PASS">
          <reporter-output>
          </reporter-output>
        </test-method> <!-- InvalidSignUp -->
        <test-method signature="ValidSignUp()[pri:0, instance:demoblaze.SignUpTest@662b4c69]" started-at="2022-03-20T18:25:11 WAT" name="ValidSignUp" description="Tests a user can sign up with data" finished-at="2022-03-20T18:25:12 WAT" duration-ms="963" status="PASS">
          <reporter-output>
          </reporter-output>
        </test-method> <!-- ValidSignUp -->
        <test-method is-config="true" signature="TearDown()[pri:0, instance:demoblaze.SignUpTest@662b4c69]" started-at="2022-03-20T18:25:38 WAT" name="TearDown" finished-at="1970-01-01T01:00:00 WAT" duration-ms="-1647797138422" status="SKIP">
          <reporter-output>
          </reporter-output>
        </test-method> <!-- TearDown -->
      </class> <!-- demoblaze.SignUpTest -->
      <class name="demoblaze.AboutUsTest">
        <test-method is-config="true" signature="NavigateToAboutUs()[pri:0, instance:demoblaze.AboutUsTest@25084a1e]" started-at="2022-03-20T18:24:32 WAT" name="NavigateToAboutUs" finished-at="2022-03-20T18:24:36 WAT" duration-ms="4118" status="PASS">
          <reporter-output>
          </reporter-output>
        </test-method> <!-- NavigateToAboutUs -->
        <test-method signature="PlayVideo()[pri:0, instance:demoblaze.AboutUsTest@25084a1e]" started-at="2022-03-20T18:25:13 WAT" name="PlayVideo" description="Tests user can playvideo in about us" finished-at="2022-03-20T18:25:13 WAT" duration-ms="628" status="PASS">
          <reporter-output>
          </reporter-output>
        </test-method> <!-- PlayVideo -->
        <test-method is-config="true" signature="TearDown()[pri:0, instance:demoblaze.AboutUsTest@25084a1e]" started-at="2022-03-20T18:25:34 WAT" name="TearDown" finished-at="2022-03-20T18:25:38 WAT" duration-ms="4271" status="FAIL">
          <exception class="org.openqa.selenium.WebDriverException">
            <message>
              <![CDATA[chrome not reachable
  (Session info: chrome=99.0.4844.74)
Build info: version: '3.10.0', revision: '176b4a9', time: '2018-03-02T19:03:16.397Z'
System info: host: 'DESKTOP-EC1SC6K', ip: '192.168.43.189', os.name: 'Windows 10', os.arch: 'amd64', os.version: '10.0', java.version: '17.0.1'
Driver info: org.openqa.selenium.chrome.ChromeDriver
Capabilities {acceptInsecureCerts: false, browserName: chrome, browserVersion: 99.0.4844.74, chrome: {chromedriverVersion: 99.0.4844.51 (d537ec02474b5..., userDataDir: C:\Users\SBSC\AppData\Local...}, goog:chromeOptions: {debuggerAddress: localhost:56435}, javascriptEnabled: true, networkConnectionEnabled: false, pageLoadStrategy: normal, platform: WINDOWS, platformName: WINDOWS, proxy: Proxy(), setWindowRect: true, strictFileInteractability: false, timeouts: {implicit: 0, pageLoad: 300000, script: 30000}, unhandledPromptBehavior: dismiss and notify, webauthn:extension:credBlob: true, webauthn:extension:largeBlob: true, webauthn:virtualAuthenticators: true}
Session ID: 3a0ce4b9529d00ed63a552493a9483d5]]>
            </message>
            <full-stacktrace>
              <![CDATA[org.openqa.selenium.WebDriverException: chrome not reachable
  (Session info: chrome=99.0.4844.74)
Build info: version: '3.10.0', revision: '176b4a9', time: '2018-03-02T19:03:16.397Z'
System info: host: 'DESKTOP-EC1SC6K', ip: '192.168.43.189', os.name: 'Windows 10', os.arch: 'amd64', os.version: '10.0', java.version: '17.0.1'
Driver info: org.openqa.selenium.chrome.ChromeDriver
Capabilities {acceptInsecureCerts: false, browserName: chrome, browserVersion: 99.0.4844.74, chrome: {chromedriverVersion: 99.0.4844.51 (d537ec02474b5..., userDataDir: C:\Users\SBSC\AppData\Local...}, goog:chromeOptions: {debuggerAddress: localhost:56435}, javascriptEnabled: true, networkConnectionEnabled: false, pageLoadStrategy: normal, platform: WINDOWS, platformName: WINDOWS, proxy: Proxy(), setWindowRect: true, strictFileInteractability: false, timeouts: {implicit: 0, pageLoad: 300000, script: 30000}, unhandledPromptBehavior: dismiss and notify, webauthn:extension:credBlob: true, webauthn:extension:largeBlob: true, webauthn:virtualAuthenticators: true}
Session ID: 3a0ce4b9529d00ed63a552493a9483d5
at java.base/jdk.internal.reflect.NativeConstructorAccessorImpl.newInstance0(Native Method)
at java.base/jdk.internal.reflect.NativeConstructorAccessorImpl.newInstance(NativeConstructorAccessorImpl.java:77)
at java.base/jdk.internal.reflect.DelegatingConstructorAccessorImpl.newInstance(DelegatingConstructorAccessorImpl.java:45)
at java.base/java.lang.reflect.Constructor.newInstanceWithCaller(Constructor.java:499)
at java.base/java.lang.reflect.Constructor.newInstance(Constructor.java:480)
at org.openqa.selenium.remote.http.W3CHttpResponseCodec.createException(W3CHttpResponseCodec.java:187)
at org.openqa.selenium.remote.http.W3CHttpResponseCodec.decode(W3CHttpResponseCodec.java:122)
at org.openqa.selenium.remote.http.W3CHttpResponseCodec.decode(W3CHttpResponseCodec.java:49)
at org.openqa.selenium.remote.HttpCommandExecutor.execute(HttpCommandExecutor.java:160)
at org.openqa.selenium.remote.service.DriverCommandExecutor.execute(DriverCommandExecutor.java:83)
at org.openqa.selenium.remote.RemoteWebDriver.execute(RemoteWebDriver.java:601)
at org.openqa.selenium.remote.RemoteWebDriver.execute(RemoteWebDriver.java:658)
at org.openqa.selenium.remote.RemoteWebDriver.close(RemoteWebDriver.java:487)
at demoblaze.AboutUsTest.TearDown(AboutUsTest.java:36)
at java.base/jdk.internal.reflect.NativeMethodAccessorImpl.invoke0(Native Method)
at java.base/jdk.internal.reflect.NativeMethodAccessorImpl.invoke(NativeMethodAccessorImpl.java:77)
at java.base/jdk.internal.reflect.DelegatingMethodAccessorImpl.invoke(DelegatingMethodAccessorImpl.java:43)
at java.base/java.lang.reflect.Method.invoke(Method.java:568)
at org.testng.internal.MethodInvocationHelper.invokeMethod(MethodInvocationHelper.java:133)
at org.testng.internal.MethodInvocationHelper.invokeMethodConsideringTimeout(MethodInvocationHelper.java:62)
at org.testng.internal.ConfigInvoker.invokeConfigurationMethod(ConfigInvoker.java:385)
at org.testng.internal.ConfigInvoker.invokeConfigurations(ConfigInvoker.java:321)
at org.testng.TestRunner.invokeTestConfigurations(TestRunner.java:637)
at org.testng.TestRunner.afterRun(TestRunner.java:877)
at org.testng.TestRunner.run(TestRunner.java:599)
at org.testng.SuiteRunner.runTest(SuiteRunner.java:377)
at org.testng.SuiteRunner.runSequentially(SuiteRunner.java:371)
at org.testng.SuiteRunner.privateRun(SuiteRunner.java:332)
at org.testng.SuiteRunner.run(SuiteRunner.java:276)
at org.testng.SuiteRunnerWorker.runSuite(SuiteRunnerWorker.java:53)
at org.testng.SuiteRunnerWorker.run(SuiteRunnerWorker.java:96)
at org.testng.TestNG.runSuitesSequentially(TestNG.java:1212)
at org.testng.TestNG.runSuitesLocally(TestNG.java:1134)
at org.testng.TestNG.runSuites(TestNG.java:1063)
at org.testng.TestNG.run(TestNG.java:1031)
at org.testng.remote.AbstractRemoteTestNG.run(AbstractRemoteTestNG.java:115)
at org.testng.remote.RemoteTestNG.initAndRun(RemoteTestNG.java:251)
at org.testng.remote.RemoteTestNG.main(RemoteTestNG.java:77)
]]>
            </full-stacktrace>
          </exception> <!-- org.openqa.selenium.WebDriverException -->
          <reporter-output>
          </reporter-output>
        </test-method> <!-- TearDown -->
      </class> <!-- demoblaze.AboutUsTest -->
      <class name="demoblaze.ProductDetailTest">
        <test-method is-config="true" signature="NavigateToProductDetail()[pri:0, instance:demoblaze.ProductDetailTest@73e22a3d]" started-at="2022-03-20T18:24:57 WAT" name="NavigateToProductDetail" finished-at="2022-03-20T18:25:04 WAT" duration-ms="7287" status="PASS">
          <reporter-output>
          </reporter-output>
        </test-method> <!-- NavigateToProductDetail -->
        <test-method signature="AddToCart()[pri:0, instance:demoblaze.ProductDetailTest@73e22a3d]" started-at="2022-03-20T18:25:30 WAT" name="AddToCart" finished-at="2022-03-20T18:25:31 WAT" duration-ms="1200" status="PASS">
          <reporter-output>
          </reporter-output>
        </test-method> <!-- AddToCart -->
        <test-method is-config="true" signature="TearDown()[pri:0, instance:demoblaze.ProductDetailTest@73e22a3d]" started-at="2022-03-20T18:25:38 WAT" name="TearDown" finished-at="1970-01-01T01:00:00 WAT" duration-ms="-1647797138420" status="SKIP">
          <reporter-output>
          </reporter-output>
        </test-method> <!-- TearDown -->
      </class> <!-- demoblaze.ProductDetailTest -->
      <class name="demoblaze.CheckoutTest">
        <test-method is-config="true" signature="Initiate()[pri:0, instance:demoblaze.CheckoutTest@28f2a10f]" started-at="2022-03-20T18:24:36 WAT" name="Initiate" finished-at="2022-03-20T18:24:43 WAT" duration-ms="7102" status="PASS">
          <reporter-output>
          </reporter-output>
        </test-method> <!-- Initiate -->
        <test-method signature="CheckOut()[pri:0, instance:demoblaze.CheckoutTest@28f2a10f]" started-at="2022-03-20T18:25:31 WAT" name="CheckOut" finished-at="2022-03-20T18:25:34 WAT" duration-ms="2236" status="PASS">
          <reporter-output>
          </reporter-output>
        </test-method> <!-- CheckOut -->
        <test-method is-config="true" signature="TearDown()[pri:0, instance:demoblaze.CheckoutTest@28f2a10f]" started-at="2022-03-20T18:25:38 WAT" name="TearDown" finished-at="1970-01-01T01:00:00 WAT" duration-ms="-1647797138417" status="SKIP">
          <reporter-output>
          </reporter-output>
        </test-method> <!-- TearDown -->
      </class> <!-- demoblaze.CheckoutTest -->
      <class name="demoblaze.LoginTest">
        <test-method is-config="true" signature="NavigateToLogin()[pri:0, instance:demoblaze.LoginTest@156b88f5]" started-at="2022-03-20T18:24:52 WAT" name="NavigateToLogin" finished-at="2022-03-20T18:24:57 WAT" duration-ms="4942" status="PASS">
          <reporter-output>
          </reporter-output>
        </test-method> <!-- NavigateToLogin -->
        <test-method signature="InvalidLogin()[pri:0, instance:demoblaze.LoginTest@156b88f5]" started-at="2022-03-20T18:25:13 WAT" name="InvalidLogin" description="Tests user cannot login with invalid credentials" finished-at="2022-03-20T18:25:16 WAT" duration-ms="2385" status="PASS">
          <reporter-output>
          </reporter-output>
        </test-method> <!-- InvalidLogin -->
        <test-method signature="ValidLogin()[pri:0, instance:demoblaze.LoginTest@156b88f5]" started-at="2022-03-20T18:25:16 WAT" name="ValidLogin" description="Tests user can login with valid credentials" finished-at="2022-03-20T18:25:16 WAT" duration-ms="69" status="FAIL">
          <exception class="org.openqa.selenium.UnhandledAlertException">
            <message>
              <![CDATA[unexpected alert open: {Alert text : User does not exist.}
  (Session info: chrome=99.0.4844.74): User does not exist.
Build info: version: '3.10.0', revision: '176b4a9', time: '2018-03-02T19:03:16.397Z'
System info: host: 'DESKTOP-EC1SC6K', ip: '192.168.43.189', os.name: 'Windows 10', os.arch: 'amd64', os.version: '10.0', java.version: '17.0.1'
Driver info: org.openqa.selenium.chrome.ChromeDriver
Capabilities {acceptInsecureCerts: false, browserName: chrome, browserVersion: 99.0.4844.74, chrome: {chromedriverVersion: 99.0.4844.51 (d537ec02474b5..., userDataDir: C:\Users\SBSC\AppData\Local...}, goog:chromeOptions: {debuggerAddress: localhost:56513}, javascriptEnabled: true, networkConnectionEnabled: false, pageLoadStrategy: normal, platform: WINDOWS, platformName: WINDOWS, proxy: Proxy(), setWindowRect: true, strictFileInteractability: false, timeouts: {implicit: 0, pageLoad: 300000, script: 30000}, unhandledPromptBehavior: dismiss and notify, webauthn:extension:credBlob: true, webauthn:extension:largeBlob: true, webauthn:virtualAuthenticators: true}
Session ID: 93a3b7063ebe52712da6d95e09ecc288
*** Element info: {Using=css selector, value=input[id='loginusername']}]]>
            </message>
            <full-stacktrace>
              <![CDATA[org.openqa.selenium.UnhandledAlertException: unexpected alert open: {Alert text : User does not exist.}
  (Session info: chrome=99.0.4844.74): User does not exist.
Build info: version: '3.10.0', revision: '176b4a9', time: '2018-03-02T19:03:16.397Z'
System info: host: 'DESKTOP-EC1SC6K', ip: '192.168.43.189', os.name: 'Windows 10', os.arch: 'amd64', os.version: '10.0', java.version: '17.0.1'
Driver info: org.openqa.selenium.chrome.ChromeDriver
Capabilities {acceptInsecureCerts: false, browserName: chrome, browserVersion: 99.0.4844.74, chrome: {chromedriverVersion: 99.0.4844.51 (d537ec02474b5..., userDataDir: C:\Users\SBSC\AppData\Local...}, goog:chromeOptions: {debuggerAddress: localhost:56513}, javascriptEnabled: true, networkConnectionEnabled: false, pageLoadStrategy: normal, platform: WINDOWS, platformName: WINDOWS, proxy: Proxy(), setWindowRect: true, strictFileInteractability: false, timeouts: {implicit: 0, pageLoad: 300000, script: 30000}, unhandledPromptBehavior: dismiss and notify, webauthn:extension:credBlob: true, webauthn:extension:largeBlob: true, webauthn:virtualAuthenticators: true}
Session ID: 93a3b7063ebe52712da6d95e09ecc288
*** Element info: {Using=css selector, value=input[id='loginusername']}
at org.openqa.selenium.remote.http.W3CHttpResponseCodec.decode(W3CHttpResponseCodec.java:120)
at org.openqa.selenium.remote.http.W3CHttpResponseCodec.decode(W3CHttpResponseCodec.java:49)
at org.openqa.selenium.remote.HttpCommandExecutor.execute(HttpCommandExecutor.java:160)
at org.openqa.selenium.remote.service.DriverCommandExecutor.execute(DriverCommandExecutor.java:83)
at org.openqa.selenium.remote.RemoteWebDriver.execute(RemoteWebDriver.java:601)
at org.openqa.selenium.remote.RemoteWebDriver.findElement(RemoteWebDriver.java:371)
at org.openqa.selenium.remote.RemoteWebDriver.findElementByCssSelector(RemoteWebDriver.java:465)
at org.openqa.selenium.By$ByCssSelector.findElement(By.java:430)
at org.openqa.selenium.remote.RemoteWebDriver.findElement(RemoteWebDriver.java:363)
at pageObjects.LoginPage.LoginUsername(LoginPage.java:21)
at demoblaze.LoginTest.ValidLogin(LoginTest.java:34)
at java.base/jdk.internal.reflect.NativeMethodAccessorImpl.invoke0(Native Method)
at java.base/jdk.internal.reflect.NativeMethodAccessorImpl.invoke(NativeMethodAccessorImpl.java:77)
at java.base/jdk.internal.reflect.DelegatingMethodAccessorImpl.invoke(DelegatingMethodAccessorImpl.java:43)
at java.base/java.lang.reflect.Method.invoke(Method.java:568)
at org.testng.internal.MethodInvocationHelper.invokeMethod(MethodInvocationHelper.java:133)
at org.testng.internal.TestInvoker.invokeMethod(TestInvoker.java:598)
at org.testng.internal.TestInvoker.invokeTestMethod(TestInvoker.java:173)
at org.testng.internal.MethodRunner.runInSequence(MethodRunner.java:46)
at org.testng.internal.TestInvoker$MethodInvocationAgent.invoke(TestInvoker.java:824)
at org.testng.internal.TestInvoker.invokeTestMethods(TestInvoker.java:146)
at org.testng.internal.TestMethodWorker.invokeTestMethods(TestMethodWorker.java:146)
at org.testng.internal.TestMethodWorker.run(TestMethodWorker.java:128)
at java.base/java.util.ArrayList.forEach(ArrayList.java:1511)
at org.testng.TestRunner.privateRun(TestRunner.java:794)
at org.testng.TestRunner.run(TestRunner.java:596)
at org.testng.SuiteRunner.runTest(SuiteRunner.java:377)
at org.testng.SuiteRunner.runSequentially(SuiteRunner.java:371)
at org.testng.SuiteRunner.privateRun(SuiteRunner.java:332)
at org.testng.SuiteRunner.run(SuiteRunner.java:276)
at org.testng.SuiteRunnerWorker.runSuite(SuiteRunnerWorker.java:53)
at org.testng.SuiteRunnerWorker.run(SuiteRunnerWorker.java:96)
at org.testng.TestNG.runSuitesSequentially(TestNG.java:1212)
at org.testng.TestNG.runSuitesLocally(TestNG.java:1134)
at org.testng.TestNG.runSuites(TestNG.java:1063)
at org.testng.TestNG.run(TestNG.java:1031)
at org.testng.remote.AbstractRemoteTestNG.run(AbstractRemoteTestNG.java:115)
at org.testng.remote.RemoteTestNG.initAndRun(RemoteTestNG.java:251)
at org.testng.remote.RemoteTestNG.main(RemoteTestNG.java:77)
]]>
            </full-stacktrace>
          </exception> <!-- org.openqa.selenium.UnhandledAlertException -->
          <reporter-output>
          </reporter-output>
        </test-method> <!-- ValidLogin -->
        <test-method is-config="true" signature="TearDown()[pri:0, instance:demoblaze.LoginTest@156b88f5]" started-at="2022-03-20T18:25:38 WAT" name="TearDown" finished-at="1970-01-01T01:00:00 WAT" duration-ms="-1647797138420" status="SKIP">
          <reporter-output>
          </reporter-output>
        </test-method> <!-- TearDown -->
      </class> <!-- demoblaze.LoginTest -->
      <class name="demoblaze.ShoppingCartTest">
        <test-method signature="DeleteProduct()[pri:0, instance:demoblaze.ShoppingCartTest@3bf9ce3e]" started-at="2022-03-20T18:25:16 WAT" name="DeleteProduct" description="Test that user can delete a product from the cart" finished-at="2022-03-20T18:25:30 WAT" duration-ms="13935" status="PASS">
          <reporter-output>
          </reporter-output>
        </test-method> <!-- DeleteProduct -->
        <test-method is-config="true" signature="TearDown()[pri:0, instance:demoblaze.ShoppingCartTest@3bf9ce3e]" started-at="2022-03-20T18:25:38 WAT" name="TearDown" finished-at="1970-01-01T01:00:00 WAT" duration-ms="-1647797138421" status="SKIP">
          <reporter-output>
          </reporter-output>
        </test-method> <!-- TearDown -->
      </class> <!-- demoblaze.ShoppingCartTest -->
      <class name="demoblaze.HomeTest">
        <test-method is-config="true" signature="NavigateToHome()[pri:0, instance:demoblaze.HomeTest@47faa49c]" started-at="2022-03-20T18:24:47 WAT" name="NavigateToHome" finished-at="2022-03-20T18:24:52 WAT" duration-ms="4536" status="PASS">
          <reporter-output>
          </reporter-output>
        </test-method> <!-- NavigateToHome -->
        <test-method signature="NavigateToLaptopCat()[pri:0, instance:demoblaze.HomeTest@47faa49c]" started-at="2022-03-20T18:25:31 WAT" name="NavigateToLaptopCat" finished-at="2022-03-20T18:25:31 WAT" duration-ms="294" status="PASS">
          <reporter-output>
          </reporter-output>
        </test-method> <!-- NavigateToLaptopCat -->
        <test-method signature="NavigateToMonitorCat()[pri:0, instance:demoblaze.HomeTest@47faa49c]" started-at="2022-03-20T18:25:31 WAT" name="NavigateToMonitorCat" finished-at="2022-03-20T18:25:31 WAT" duration-ms="197" status="PASS">
          <reporter-output>
          </reporter-output>
        </test-method> <!-- NavigateToMonitorCat -->
        <test-method is-config="true" signature="TearDown()[pri:0, instance:demoblaze.HomeTest@47faa49c]" started-at="2022-03-20T18:25:38 WAT" name="TearDown" finished-at="1970-01-01T01:00:00 WAT" duration-ms="-1647797138419" status="SKIP">
          <reporter-output>
          </reporter-output>
        </test-method> <!-- TearDown -->
      </class> <!-- demoblaze.HomeTest -->
    </test> <!-- Test -->
  </suite> <!-- Suite -->
</testng-results>
